<?xml version="1.0" encoding="UTF-8"?>
<!-- Generated by org.testng.reporters.JUnitXMLReporter -->
<testsuite ignored="0" hostname="Yogaslim7" failures="0" tests="3" name="MyTest" time="32.718" errors="0" timestamp="2025-01-03T11:26:18 IST">
  <testcase classname="rahulshettyacademy.Tests.SubmitOrder" name="productErrorValidation" time="3.861"/>
  <testcase classname="rahulshettyacademy.Tests.SubmitOrder" name="submitOrder" time="5.149"/>
  <testcase classname="rahulshettyacademy.Tests.ErrorValidations" name="loginErrorValidation" time="0.787"/>
</testsuite> <!-- MyTest -->
