<?xml version="1.0" encoding="UTF-8"?>
<testng-results ignored="2" total="4" passed="2" failed="0" skipped="0">
  <reporter-output>
  </reporter-output>
  <suite started-at="2025-01-06T23:46:54 IST" name="MyTestSuite" finished-at="2025-01-06T23:47:20 IST" duration-ms="25922">
    <groups>
      <group name="Primary">
        <method signature="SubmitOrder.submitOrder(java.util.HashMap)[pri:0, instance:rahulshettyacademy.Tests.SubmitOrder@4b741d6d]" name="submitOrder" class="rahulshettyacademy.Tests.SubmitOrder"/>
      </group> <!-- Primary -->
    </groups>
    <test started-at="2025-01-06T23:46:54 IST" name="Error Validations Test" finished-at="2025-01-06T23:46:54 IST" duration-ms="4">
    </test> <!-- Error Validations Test -->
    <test started-at="2025-01-06T23:46:54 IST" name="Submit Order Test" finished-at="2025-01-06T23:47:20 IST" duration-ms="25922">
      <class name="rahulshettyacademy.Tests.SubmitOrder">
        <test-method is-config="true" signature="launchApplication()[pri:0, instance:rahulshettyacademy.Tests.SubmitOrder@4b741d6d]" started-at="2025-01-06T23:46:54 IST" name="launchApplication" finished-at="2025-01-06T23:47:04 IST" duration-ms="9797" status="PASS">
          <reporter-output>
          </reporter-output>
        </test-method> <!-- launchApplication -->
        <test-method signature="submitOrder(java.util.HashMap)[pri:0, instance:rahulshettyacademy.Tests.SubmitOrder@4b741d6d]" started-at="2025-01-06T23:47:04 IST" name="submitOrder" data-provider="getData" finished-at="2025-01-06T23:47:08 IST" duration-ms="4065" status="PASS">
          <params>
            <param index="0">
              <value>
                <![CDATA[{password=Pass@123, product=QWERTY, email=rajimuthu@gmail.com}]]>
              </value>
            </param>
          </params>
          <reporter-output>
          </reporter-output>
        </test-method> <!-- submitOrder -->
        <test-method is-config="true" signature="tearDown()[pri:0, instance:rahulshettyacademy.Tests.SubmitOrder@4b741d6d]" started-at="2025-01-06T23:47:08 IST" name="tearDown" finished-at="2025-01-06T23:47:08 IST" duration-ms="244" status="PASS">
          <reporter-output>
          </reporter-output>
        </test-method> <!-- tearDown -->
        <test-method is-config="true" signature="launchApplication()[pri:0, instance:rahulshettyacademy.Tests.SubmitOrder@4b741d6d]" started-at="2025-01-06T23:47:08 IST" name="launchApplication" finished-at="2025-01-06T23:47:15 IST" duration-ms="6763" status="PASS">
          <reporter-output>
          </reporter-output>
        </test-method> <!-- launchApplication -->
        <test-method signature="submitOrder(java.util.HashMap)[pri:0, instance:rahulshettyacademy.Tests.SubmitOrder@4b741d6d]" started-at="2025-01-06T23:47:15 IST" name="submitOrder" data-provider="getData" finished-at="2025-01-06T23:47:19 IST" duration-ms="4476" status="PASS">
          <params>
            <param index="0">
              <value>
                <![CDATA[{password=Pass@123, product=Banarsi Saree, email=rajimuthu@gmail.com}]]>
              </value>
            </param>
          </params>
          <reporter-output>
          </reporter-output>
        </test-method> <!-- submitOrder -->
        <test-method is-config="true" signature="tearDown()[pri:0, instance:rahulshettyacademy.Tests.SubmitOrder@4b741d6d]" started-at="2025-01-06T23:47:19 IST" name="tearDown" finished-at="2025-01-06T23:47:20 IST" duration-ms="312" status="PASS">
          <reporter-output>
          </reporter-output>
        </test-method> <!-- tearDown -->
      </class> <!-- rahulshettyacademy.Tests.SubmitOrder -->
    </test> <!-- Submit Order Test -->
  </suite> <!-- MyTestSuite -->
</testng-results>
